2014/07/02 07:27:33 [error] [php] include(Users.php): failed to open stream: No such file or directory (C:\wamp\www\framework\YiiBase.php:427)
Stack trace:
#0 C:\wamp\www\theoneapp\protected\components\UserIdentity.php(21): spl_autoload_call()
#1 C:\wamp\www\theoneapp\protected\models\LoginForm.php(52): UserIdentity->authenticate()
#2 C:\wamp\www\framework\validators\CInlineValidator.php(42): LoginForm->authenticate()
#3 C:\wamp\www\framework\validators\CValidator.php(213): CInlineValidator->validateAttribute()
#4 C:\wamp\www\framework\base\CModel.php(159): CInlineValidator->validate()
#5 C:\wamp\www\theoneapp\protected\controllers\SiteController.php(94): LoginForm->validate()
#6 C:\wamp\www\framework\web\actions\CInlineAction.php(49): SiteController->actionLogin()
#7 C:\wamp\www\framework\web\CController.php(308): CInlineAction->runWithParams()
#8 C:\wamp\www\framework\web\CController.php(286): SiteController->runAction()
#9 C:\wamp\www\framework\web\CController.php(265): SiteController->runActionWithFilters()
#10 C:\wamp\www\framework\web\CWebApplication.php(282): SiteController->run()
#11 C:\wamp\www\framework\web\CWebApplication.php(141): CWebApplication->runController()
#12 C:\wamp\www\framework\base\CApplication.php(180): CWebApplication->processRequest()
#13 C:\wamp\www\theoneapp\index.php(13): CWebApplication->run()
REQUEST_URI=/theoneapp/index.php/site/login
in C:\wamp\www\theoneapp\protected\components\UserIdentity.php (21)
in C:\wamp\www\theoneapp\protected\models\LoginForm.php (52)
in C:\wamp\www\theoneapp\protected\controllers\SiteController.php (94)
2014/07/02 07:33:46 [error] [exception.CHttpException.403] exception 'CHttpException' with message 'You are not authorized to perform this action.' in C:\wamp\www\framework\web\auth\CAccessControlFilter.php:182
Stack trace:
#0 C:\wamp\www\framework\web\auth\CAccessControlFilter.php(145): CAccessControlFilter->accessDenied(Object(CWebUser), 'You are not aut...')
#1 C:\wamp\www\framework\web\filters\CFilter.php(38): CAccessControlFilter->preFilter(Object(CFilterChain))
#2 C:\wamp\www\framework\web\CController.php(1145): CFilter->filter(Object(CFilterChain))
#3 C:\wamp\www\framework\web\filters\CInlineFilter.php(58): CController->filterAccessControl(Object(CFilterChain))
#4 C:\wamp\www\framework\web\filters\CFilterChain.php(130): CInlineFilter->filter(Object(CFilterChain))
#5 C:\wamp\www\framework\web\CController.php(291): CFilterChain->run()
#6 C:\wamp\www\framework\web\CController.php(265): CController->runActionWithFilters(Object(CInlineAction), Array)
#7 C:\wamp\www\framework\web\CWebApplication.php(282): CController->run('admin')
#8 C:\wamp\www\framework\web\CWebApplication.php(141): CWebApplication->runController('user/admin')
#9 C:\wamp\www\framework\base\CApplication.php(180): CWebApplication->processRequest()
#10 C:\wamp\www\theoneapp\index.php(13): CApplication->run()
#11 {main}
REQUEST_URI=/theoneapp/user/admin
---
